<?xml version="1.0" encoding="UTF-8"?>
<testsuites name="Test Suite" time="36.084" tests="1" failures="0" errors="0">
   <testsuite name="Test Suite" tests="1" failures="0" errors="0" time="36.084" skipped="0" timestamp="10-03-2025T14:59:46" hostname="pooja - PSL-7MWWX93" id="Test Suites/Test Suite">
      <properties>
         <property name="deviceName" value=""/>
         <property name="devicePlatform"/>
         <property name="logFolder" value="/home/pooja/Katalon Studio/pdeaKatalon/Reports/20250310_145933/Test Suite/20250310_145933"/>
         <property name="logFiles" value="/home/pooja/Katalon Studio/pdeaKatalon/Reports/20250310_145933/Test Suite/20250310_145933/execution0.log"/>
         <property name="attachments" value=""/>
         <property name="hostName" value="pooja - PSL-7MWWX93"/>
         <property name="os" value="Linux 64bit"/>
         <property name="katalonVersion" value="10.0.1.223"/>
         <property name="browser" value="Chrome 134.0.0.0"/>
         <property name="hostAddress" value="127.0.1.1"/>
         <property name="sessionId" value="086ea07a4ef46c02737e4a835a436354"/>
         <property name="seleniumVersion" value="4.22.0"/>
         <property name="proxyInformation" value="ProxyInformation { proxyOption=NO_PROXY, proxyServerType=HTTP, username=, password=********, proxyServerAddress=, proxyServerPort=0, executionList=&quot;&quot;, isApplyToDesiredCapabilities=true }"/>
         <property name="platform" value="Linux"/>
      </properties>
      <testcase name="Test Cases/BookAppointment" time="35.505" classname="Test Cases/BookAppointment" status="PASSED">
         <system-out><![CDATA[10-03-2025T14:59:47 - [TEST_CASE][PASSED] - Test Cases/BookAppointment: Test Cases/BookAppointment

10-03-2025T14:59:47 - [TEST_STEP][PASSED] - callTestCase(findTestCase("LoginSuccessful"), [:], STOP_ON_FAILURE): Call Test Case 'Test Cases/LoginSuccessful' successfully

10-03-2025T14:59:48 - [TEST_CASE][PASSED] - Test Cases/LoginSuccessful: Test Cases/LoginSuccessful

10-03-2025T14:59:48 - [TEST_STEP][PASSED] - openBrowser(""): Browser is opened with url: ''

10-03-2025T14:59:49 - [MESSAGE][INFO] - Starting 'Chrome' driver

10-03-2025T14:59:49 - [MESSAGE][INFO] - Action delay is set to 0 milliseconds

10-03-2025T14:59:54 - [MESSAGE][PASSED] - Browser is opened with url: ''

10-03-2025T14:59:54 - [TEST_STEP][PASSED] - navigateToUrl("https://katalon-demo-cura.herokuapp.com/"): Navigate to 'https://katalon-demo-cura.herokuapp.com/' successfully

10-03-2025T15:00:05 - [MESSAGE][PASSED] - Navigate to 'https://katalon-demo-cura.herokuapp.com/' successfully

10-03-2025T15:00:05 - [TEST_STEP][PASSED] - click(findTestObject("Object Repository/Page_CURA Healthcare Service/a_Make Appointment")): Object: 'Object Repository/Page_CURA Healthcare Service/a_Make Appointment' is clicked on

10-03-2025T15:00:09 - [MESSAGE][PASSED] - Object: 'Object Repository/Page_CURA Healthcare Service/a_Make Appointment' is clicked on

10-03-2025T15:00:09 - [TEST_STEP][PASSED] - setText(findTestObject("Object Repository/Page_CURA Healthcare Service/input_Username_username"), "John Doe"): Text 'John Doe' is set on object 'Object Repository/Page_CURA Healthcare Service/input_Username_username'

10-03-2025T15:00:10 - [MESSAGE][PASSED] - Text 'John Doe' is set on object 'Object Repository/Page_CURA Healthcare Service/input_Username_username'

10-03-2025T15:00:10 - [TEST_STEP][PASSED] - setText(findTestObject("Object Repository/Page_CURA Healthcare Service/input_Password_password"), "ThisIsNotAPassword"): Text 'ThisIsNotAPassword' is set on object 'Object Repository/Page_CURA Healthcare Service/input_Password_password'

10-03-2025T15:00:11 - [MESSAGE][PASSED] - Text 'ThisIsNotAPassword' is set on object 'Object Repository/Page_CURA Healthcare Service/input_Password_password'

10-03-2025T15:00:11 - [TEST_STEP][PASSED] - setEncryptedText(findTestObject("Object Repository/Page_CURA Healthcare Service/input_Password_password"), "g3/DOGG74jC3Flrr3yH+3D/yKbOqqUNM"): Text ****** has been set on object 'Object Repository/Page_CURA Healthcare Service/input_Password_password'

10-03-2025T15:00:11 - [MESSAGE][PASSED] - Text ****** has been set on object 'Object Repository/Page_CURA Healthcare Service/input_Password_password'

10-03-2025T15:00:11 - [TEST_STEP][PASSED] - click(findTestObject("Object Repository/Page_CURA Healthcare Service/button_Login")): Object: 'Object Repository/Page_CURA Healthcare Service/button_Login' is clicked on

10-03-2025T15:00:14 - [MESSAGE][PASSED] - Object: 'Object Repository/Page_CURA Healthcare Service/button_Login' is clicked on

10-03-2025T15:00:14 - [MESSAGE][PASSED] - Call Test Case 'Test Cases/LoginSuccessful' successfully

10-03-2025T15:00:14 - [TEST_STEP][PASSED] - selectOptionByValue(findTestObject("Object Repository/Page_CURA Healthcare Service/select_Tokyo CURA Healthcare Center        _5b4107"), "Hongkong CURA Healthcare Center", true): All options with value 'Hongkong CURA Healthcare Center' are selected in object 'Object Repository/Page_CURA Healthcare Service/select_Tokyo CURA Healthcare Center        _5b4107'  using regular expression

10-03-2025T15:00:15 - [MESSAGE][PASSED] - All options with value 'Hongkong CURA Healthcare Center' are selected in object 'Object Repository/Page_CURA Healthcare Service/select_Tokyo CURA Healthcare Center        _5b4107'  using regular expression

10-03-2025T15:00:15 - [TEST_STEP][PASSED] - click(findTestObject("Object Repository/Page_CURA Healthcare Service/label_Apply for hospital readmission")): Object: 'Object Repository/Page_CURA Healthcare Service/label_Apply for hospital readmission' is clicked on

10-03-2025T15:00:16 - [MESSAGE][PASSED] - Object: 'Object Repository/Page_CURA Healthcare Service/label_Apply for hospital readmission' is clicked on

10-03-2025T15:00:16 - [TEST_STEP][PASSED] - click(findTestObject("Object Repository/Page_CURA Healthcare Service/div_Healthcare Program                     _4552b2")): Object: 'Object Repository/Page_CURA Healthcare Service/div_Healthcare Program                     _4552b2' is clicked on

10-03-2025T15:00:16 - [MESSAGE][PASSED] - Object: 'Object Repository/Page_CURA Healthcare Service/div_Healthcare Program                     _4552b2' is clicked on

10-03-2025T15:00:16 - [TEST_STEP][PASSED] - click(findTestObject("Object Repository/Page_CURA Healthcare Service/label_Medicaid")): Object: 'Object Repository/Page_CURA Healthcare Service/label_Medicaid' is clicked on

10-03-2025T15:00:17 - [MESSAGE][PASSED] - Object: 'Object Repository/Page_CURA Healthcare Service/label_Medicaid' is clicked on

10-03-2025T15:00:17 - [TEST_STEP][PASSED] - click(findTestObject("Object Repository/Page_CURA Healthcare Service/input_Visit Date (Required)_visit_date")): Object: 'Object Repository/Page_CURA Healthcare Service/input_Visit Date (Required)_visit_date' is clicked on

10-03-2025T15:00:17 - [MESSAGE][PASSED] - Object: 'Object Repository/Page_CURA Healthcare Service/input_Visit Date (Required)_visit_date' is clicked on

10-03-2025T15:00:17 - [TEST_STEP][PASSED] - click(findTestObject("Object Repository/Page_CURA Healthcare Service/td_25")): Object: 'Object Repository/Page_CURA Healthcare Service/td_25' is clicked on

10-03-2025T15:00:18 - [MESSAGE][PASSED] - Object: 'Object Repository/Page_CURA Healthcare Service/td_25' is clicked on

10-03-2025T15:00:18 - [TEST_STEP][PASSED] - setText(findTestObject("Object Repository/Page_CURA Healthcare Service/textarea_Comment_comment"), "test"): Text 'test' is set on object 'Object Repository/Page_CURA Healthcare Service/textarea_Comment_comment'

10-03-2025T15:00:19 - [MESSAGE][PASSED] - Text 'test' is set on object 'Object Repository/Page_CURA Healthcare Service/textarea_Comment_comment'

10-03-2025T15:00:19 - [TEST_STEP][PASSED] - click(findTestObject("Object Repository/Page_CURA Healthcare Service/button_Book Appointment")): Object: 'Object Repository/Page_CURA Healthcare Service/button_Book Appointment' is clicked on

10-03-2025T15:00:20 - [MESSAGE][PASSED] - Object: 'Object Repository/Page_CURA Healthcare Service/button_Book Appointment' is clicked on

10-03-2025T15:00:20 - [TEST_STEP][PASSED] - navigateToUrl("https://katalon-demo-cura.herokuapp.com/appointment.php#summary"): Navigate to 'https://katalon-demo-cura.herokuapp.com/appointment.php#summary' successfully

10-03-2025T15:00:21 - [MESSAGE][PASSED] - Navigate to 'https://katalon-demo-cura.herokuapp.com/appointment.php#summary' successfully

10-03-2025T15:00:21 - [TEST_STEP][PASSED] - click(findTestObject("Object Repository/Page_CURA Healthcare Service/h2_Appointment Confirmation")): Object: 'Object Repository/Page_CURA Healthcare Service/h2_Appointment Confirmation' is clicked on

10-03-2025T15:00:21 - [MESSAGE][PASSED] - Object: 'Object Repository/Page_CURA Healthcare Service/h2_Appointment Confirmation' is clicked on

10-03-2025T15:00:21 - [TEST_STEP][PASSED] - verifyElementText(findTestObject("Object Repository/Page_CURA Healthcare Service/h2_Appointment Confirmation"), "Appointment Confirmation"): Actual text and expected text of test object 'Object Repository/Page_CURA Healthcare Service/h2_Appointment Confirmation' are matched.

10-03-2025T15:00:22 - [MESSAGE][PASSED] - Actual text and expected text of test object 'Object Repository/Page_CURA Healthcare Service/h2_Appointment Confirmation' are matched.

10-03-2025T15:00:22 - [TEST_STEP][PASSED] - closeBrowser(): Browser is closed

10-03-2025T15:00:22 - [MESSAGE][PASSED] - Browser is closed]]></system-out>
         <system-err><![CDATA[]]></system-err>
      </testcase>
      <system-out><![CDATA[10-03-2025T14:59:46 - [TEST_SUITE][PASSED] - Test Suite: Test Cases/BookAppointment]]></system-out>
      <system-err><![CDATA[]]></system-err>
   </testsuite>
</testsuites>
